<?xml version="1.0" encoding="UTF-8"?>
<!-- Generated by org.testng.reporters.JUnitReportReporter -->
<testsuite hostname="LAPTOP-OGCNMIBR" failures="0" tests="2" name="testngSessions.TestngClass1" time="0.038" errors="0" timestamp="2024-05-29T15:44:21 CDT" skipped="0">
  <testcase classname="testngSessions.TestngClass1" name="titleTest" time="0.026"/>
  <testcase classname="testngSessions.TestngClass1" name="getcurrentURL" time="0.012"/>
</testsuite> <!-- testngSessions.TestngClass1 -->
