<?xml version="1.0" encoding="UTF-8"?>
<!-- Generated by org.testng.reporters.JUnitReportReporter -->
<testsuite hostname="LAPTOP-OGCNMIBR" failures="0" tests="2" name="testngSessions.TestngClass3" time="0.108" errors="0" timestamp="2024-05-29T15:44:21 CDT" skipped="0">
  <testcase classname="testngSessions.TestngClass3" name="titleTest" time="0.027"/>
  <testcase classname="testngSessions.TestngClass3" name="getcurrentURL" time="0.081"/>
</testsuite> <!-- testngSessions.TestngClass3 -->
